<?xml version="1.0" encoding="UTF-8"?>
<testsuite name="Ingresar a la url  y realizar un registro" tests="1" skipped="0" failures="0" errors="0" timestamp="2020-09-18T20:32:58" hostname="CHMEPPF0HFQ6Z" time="52.538">
  <properties/>
  <testcase name="Ingresar a la URL y registrarse en YourLogo" classname="Ingresar a la url  y realizar un registro" time="52.538"/>
  <system-out><![CDATA[]]></system-out>
  <system-err><![CDATA[sep 18, 2020 3:32:58 PM org.openqa.selenium.remote.DesiredCapabilities chrome
INFORMACIÓN: Using `new ChromeOptions()` is preferred to `DesiredCapabilities.chrome()`
[Test worker] INFO net.serenitybdd.core.webdriver.driverproviders.ProvideNewDriver - Instantiating driver
[Test worker] INFO net.serenitybdd.core.webdriver.driverproviders.ProvideNewDriver - Driver capabilities: Capabilities {acceptInsecureCerts: false, browserName: chrome, chrome.switches: --disable-popup-blocking,--..., goog:chromeOptions: {args: [--disable-popup-blocking, --disable-download-notifica..., --start-maximized, --test-type, --ignore-certificate-errors, --allow-running-insecure-co..., --always-authorize-plugins, --disable-extensions, --enable-automation, --test-type], extensions: []}, platform: ANY, version: }
Starting ChromeDriver 2.42.591088 (7b2b2dca23cca0862f674758c9a3933e685c27d5) on port 32399
Only local connections are allowed.
[1600461198.682][WARNING]: Timed out connecting to Chrome, retrying...
sep 18, 2020 3:33:22 PM org.openqa.selenium.remote.ProtocolHandshake createSession
INFORMACIÓN: Detected dialect: OSS
[Test worker] INFO net.thucydides.core.steps.ConsoleLoggingListener - 
        __    _____ _____ ____ _____   ____   _    ____  ____  _____ ____  
  _     \ \  |_   _| ____/ ___|_   _| |  _ \ / \  / ___|/ ___|| ____|  _ \ 
 (_)_____| |   | | |  _| \___ \ | |   | |_) / _ \ \___ \\___ \|  _| | | | |
  _|_____| |   | | | |___ ___) || |   |  __/ ___ \ ___) |___) | |___| |_| |
 (_)     | |   |_| |_____|____/ |_|   |_| /_/   \_\____/|____/|_____|____/ 
        /_/                                                                

TEST PASSED: Ingresar a la URL y registrarse en YourLogo
----------------------------------------------------------------------------
]]></system-err>
</testsuite>
